<?xml version="1.0" encoding="UTF-8"?>
<!-- Generated by org.testng.reporters.JUnitXMLReporter -->
<testsuite ignored="0" hostname="P100b" failures="0" tests="5" name="Test" time="0.067" errors="0" timestamp="2021-02-10T15:30:52 EET">
  <testcase classname="pack1.TC1" name="m1" time="0.009"/>
  <testcase classname="pack1.TC1" name="m2" time="0.001"/>
  <testcase classname="pack1.TC2" name="m3" time="0.002"/>
  <testcase classname="pack1.TC2" name="m4" time="0.002"/>
  <testcase classname="pack1.TC2" name="m5" time="0.002"/>
</testsuite> <!-- Test -->
